<?xml version="1.0" encoding="UTF-8"?>
<!-- Generated by org.testng.reporters.JUnitXMLReporter -->
<testsuite hostname="spenn0821" ignored="0" name="Surefire test" tests="6" failures="0" timestamp="2022-01-24T21:24:41 EST" time="0.041" errors="0">
  <testcase name="AppAndroid" time="0.003" classname="com.pennglobal.app.AppiumTest"/>
  <testcase name="IOSApps" time="0.0" classname="com.pennglobal.app.AppiumTest"/>
  <testcase name="BrowserAutomation" time="0.0" classname="com.pennglobal.app.SeleniumTest"/>
  <testcase name="elementsUi" time="0.0" classname="com.pennglobal.app.SeleniumTest"/>
  <testcase name="deleteTwitter" time="0.001" classname="com.pennglobal.app.RestAPITest"/>
  <testcase name="postJira" time="0.0" classname="com.pennglobal.app.RestAPITest"/>
</testsuite> <!-- Surefire test -->
