<?xml version="1.0" encoding="UTF-8"?>
<testng-results skipped="0" failed="0" ignored="0" total="6" passed="6">
  <reporter-output>
  </reporter-output>
  <suite name="Surefire suite" duration-ms="41" started-at="2022-01-24T21:24:41 EST" finished-at="2022-01-24T21:24:41 EST">
    <groups>
    </groups>
    <test name="Surefire test" duration-ms="41" started-at="2022-01-24T21:24:41 EST" finished-at="2022-01-24T21:24:41 EST">
      <class name="com.pennglobal.app.SeleniumTest">
        <test-method status="PASS" signature="BrowserAutomation()[pri:0, instance:com.pennglobal.app.SeleniumTest@7a1ebcd8]" name="BrowserAutomation" duration-ms="0" started-at="2022-01-24T21:24:41 EST" finished-at="2022-01-24T21:24:41 EST">
          <reporter-output>
          </reporter-output>
        </test-method> <!-- BrowserAutomation -->
        <test-method status="PASS" signature="elementsUi()[pri:0, instance:com.pennglobal.app.SeleniumTest@7a1ebcd8]" name="elementsUi" duration-ms="0" started-at="2022-01-24T21:24:41 EST" finished-at="2022-01-24T21:24:41 EST">
          <reporter-output>
          </reporter-output>
        </test-method> <!-- elementsUi -->
      </class> <!-- com.pennglobal.app.SeleniumTest -->
      <class name="com.pennglobal.app.AppiumTest">
        <test-method status="PASS" signature="AppAndroid()[pri:0, instance:com.pennglobal.app.AppiumTest@1f57539]" name="AppAndroid" duration-ms="3" started-at="2022-01-24T21:24:41 EST" finished-at="2022-01-24T21:24:41 EST">
          <reporter-output>
          </reporter-output>
        </test-method> <!-- AppAndroid -->
        <test-method status="PASS" signature="IOSApps()[pri:0, instance:com.pennglobal.app.AppiumTest@1f57539]" name="IOSApps" duration-ms="0" started-at="2022-01-24T21:24:41 EST" finished-at="2022-01-24T21:24:41 EST">
          <reporter-output>
          </reporter-output>
        </test-method> <!-- IOSApps -->
      </class> <!-- com.pennglobal.app.AppiumTest -->
      <class name="com.pennglobal.app.RestAPITest">
        <test-method status="PASS" signature="deleteTwitter()[pri:0, instance:com.pennglobal.app.RestAPITest@5faeada1]" name="deleteTwitter" duration-ms="1" started-at="2022-01-24T21:24:41 EST" finished-at="2022-01-24T21:24:41 EST">
          <reporter-output>
          </reporter-output>
        </test-method> <!-- deleteTwitter -->
        <test-method status="PASS" signature="postJira()[pri:0, instance:com.pennglobal.app.RestAPITest@5faeada1]" name="postJira" duration-ms="0" started-at="2022-01-24T21:24:41 EST" finished-at="2022-01-24T21:24:41 EST">
          <reporter-output>
          </reporter-output>
        </test-method> <!-- postJira -->
      </class> <!-- com.pennglobal.app.RestAPITest -->
    </test> <!-- Surefire test -->
  </suite> <!-- Surefire suite -->
</testng-results>
